  1.0941212458042044E-02
  7.5623313580498928E-03
  4.9660588495406912E-03
  2.5142651965271148E-03
  6.8699953014079344E-05
 -3.6139324137753184E-03
 -8.0680341108393648E-03
 -1.4400727262786700E-02
  2.6575098590161344E-02
  2.1287810701650008E-02
  1.2137742744519374E-02
  5.4954763371456216E-03
  1.6190248909674862E-03
 -5.3665875610986336E-03
 -2.6383369003298152E-02
 -3.2735563666912612E-02
  3.5456515516480812E-02
  3.1558926272624800E-02
  1.6264751790130514E-02
  8.6881287759453952E-03
  9.2414320641588112E-03
  1.0507384498924842E-02
 -2.9031374771702516E-02
 -2.2365397627138372E-02
  2.3504573163568268E-03
  2.4748843928698844E-03
  1.6103413573782442E-02
  2.2470808715223012E-02
  3.1701786646200236E-02
  4.8178855380999424E-02
  0.1010956937184376    
  0.1307595864750686    
  1.0949682174266278E-02
  1.4123149758329326E-02
  2.3869213639881600E-02
  1.0152848401205812E-02
  2.5407666708560520E-02
  7.2480957289900416E-02
  0.1032533572231307    
  0.1510656149769271    
  3.4149586558487460E-02
  4.1982884954158448E-02
  6.6600282973345640E-02
  1.9410098273741176E-02
  3.6996333436959000E-02
  0.1183000172840409    
  0.1121785737701852    
  0.1670355723742347    
  9.2035652451887040E-02
  0.1083628132599974    
  0.1453762730975450    
  0.2586937325496237    
  0.2784665288731548    
  0.2063194794791337    
  0.2130564693317131    
  0.2687631159543274    
  8.2580629382984144E-02
  0.1040573159145864    
  0.1818333590463843    
  0.3061019853611247    
  0.3251794681536973    
  0.2462226521511755    
  0.2308938707582558    
  0.2826043963829116    
  6.3403808789878040E-02
  7.0630689596044040E-02
  0.1466680861789362    
  0.3071805785102319    
  0.3174165900438938    
  0.1846234711875677    
  0.1975748686769756    
  0.2379011300132359    
  0.1424071128847900    
  0.1218324810839847    
  6.3818844184539400E-02
 -7.2473052236933232E-02
 -7.6863075630121584E-02
  4.3667670260043632E-02
  1.8475805474077740E-02
  4.1984895762124408E-02
  0.1113891196081837    
  8.1530097945459088E-02
  1.5069821580966582E-02
 -4.4156561621877024E-02
 -5.6578014360729448E-02
 -2.8310914425275056E-02
 -1.4516752473532914E-02
 -1.4303390753358746E-02
  4.9764075985545152E-02
  3.1489942372729556E-02
 -3.4108610399014556E-02
 -1.3465195456492136E-02
 -2.6926274878169848E-02
 -7.6251471967601040E-02
 -2.8399169129182172E-02
 -5.2711310607595848E-02
 -0.1574966700214076    
 -0.1692510055326454    
 -0.1745657806707710    
 -0.2724024184670593    
 -0.2881422945375338    
 -0.2238831025558058    
 -0.2422306005324365    
 -0.2748407158002824    
